<?xml version="1.0" encoding="UTF-8"?>
<testng-results skipped="0" failed="0" ignored="0" total="3" passed="3">
  <reporter-output>
  </reporter-output>
  <suite name="Command line suite" duration-ms="351" started-at="2022-01-19T23:40:47 IST" finished-at="2022-01-19T23:40:47 IST">
    <groups>
    </groups>
    <test name="Command line test" duration-ms="351" started-at="2022-01-19T23:40:47 IST" finished-at="2022-01-19T23:40:47 IST">
      <class name="MavenJavaProject.MavenJava.Appium2Test">
        <test-method status="PASS" signature="test2()[pri:0, instance:MavenJavaProject.MavenJava.Appium2Test@25bbe1b6]" name="test2" duration-ms="2" started-at="2022-01-19T23:40:47 IST" finished-at="2022-01-19T23:40:47 IST">
          <reporter-output>
          </reporter-output>
        </test-method> <!-- test2 -->
      </class> <!-- MavenJavaProject.MavenJava.Appium2Test -->
      <class name="MavenJavaProject.MavenJava.AppiumTest">
        <test-method status="PASS" signature="extentConfig()[pri:0, instance:MavenJavaProject.MavenJava.AppiumTest@520a3426]" name="extentConfig" is-config="true" duration-ms="290" started-at="2022-01-19T23:40:47 IST" finished-at="2022-01-19T23:40:47 IST">
          <reporter-output>
          </reporter-output>
        </test-method> <!-- extentConfig -->
        <test-method status="PASS" signature="test1()[pri:0, instance:MavenJavaProject.MavenJava.AppiumTest@520a3426]" name="test1" duration-ms="325" started-at="2022-01-19T23:40:47 IST" finished-at="2022-01-19T23:40:47 IST">
          <reporter-output>
          </reporter-output>
        </test-method> <!-- test1 -->
      </class> <!-- MavenJavaProject.MavenJava.AppiumTest -->
      <class name="MavenJavaProject.MavenJava.Appium3Test">
        <test-method status="PASS" signature="test3()[pri:0, instance:MavenJavaProject.MavenJava.Appium3Test@20322d26]" name="test3" duration-ms="0" started-at="2022-01-19T23:40:47 IST" finished-at="2022-01-19T23:40:47 IST">
          <reporter-output>
          </reporter-output>
        </test-method> <!-- test3 -->
      </class> <!-- MavenJavaProject.MavenJava.Appium3Test -->
    </test> <!-- Command line test -->
  </suite> <!-- Command line suite -->
</testng-results>
