<?xml version="1.0" encoding="UTF-8"?>
<!-- Generated by org.testng.reporters.JUnitXMLReporter -->
<testsuite hostname="LAPTOP-V89JODT2" ignored="0" name="Command line test" tests="3" failures="0" timestamp="2022-01-19T23:40:47 IST" time="0.351" errors="0">
  <testcase name="test2" time="0.002" classname="MavenJavaProject.MavenJava.Appium2Test"/>
  <testcase name="test3" time="0.0" classname="MavenJavaProject.MavenJava.Appium3Test"/>
  <testcase name="test1" time="0.325" classname="MavenJavaProject.MavenJava.AppiumTest"/>
</testsuite> <!-- Command line test -->
