<?xml version="1.0" encoding="UTF-8"?>
<testng-results skipped="0" failed="0" ignored="0" total="1" passed="1">
  <reporter-output>
  </reporter-output>
  <suite name="Default suite" duration-ms="366" started-at="2022-01-16T10:25:45 IST" finished-at="2022-01-16T10:25:45 IST">
    <groups>
    </groups>
    <test name="Default test" duration-ms="366" started-at="2022-01-16T10:25:45 IST" finished-at="2022-01-16T10:25:45 IST">
      <class name="MavenJavaProject.MavenJava.AppiumTest">
        <test-method status="PASS" signature="extentConfig()[pri:0, instance:MavenJavaProject.MavenJava.AppiumTest@3043fe0e]" name="extentConfig" is-config="true" duration-ms="239" started-at="2022-01-16T10:25:44 IST" finished-at="2022-01-16T10:25:45 IST">
          <reporter-output>
          </reporter-output>
        </test-method> <!-- extentConfig -->
        <test-method status="PASS" signature="test1()[pri:0, instance:MavenJavaProject.MavenJava.AppiumTest@3043fe0e]" name="test1" duration-ms="339" started-at="2022-01-16T10:25:45 IST" finished-at="2022-01-16T10:25:45 IST">
          <reporter-output>
          </reporter-output>
        </test-method> <!-- test1 -->
      </class> <!-- MavenJavaProject.MavenJava.AppiumTest -->
    </test> <!-- Default test -->
  </suite> <!-- Default suite -->
</testng-results>
